Execute command: [
  `which`
  `cmake`
]
[/Users/lucmichalski/local/golang/src/github.com/hellowod/u3d-plugins-development/NativePlugins]> "which" "cmake"
/usr/local/bin/cmake
Execute command: [
  `cmake`
  `--version`
]
[/Users/lucmichalski/local/golang/src/github.com/hellowod/u3d-plugins-development/NativePlugins]> "cmake" "--version"
cmake version 3.9.0

CMake suite maintained and supported by Kitware (kitware.com/cmake).
Execute command: [
  `cmake`
  `-H.`
  `-B/Users/lucmichalski/local/golang/src/github.com/hellowod/u3d-plugins-development/NativePlugins/_builds/osx-10-13`
  `-GXcode`
  `-DCMAKE_TOOLCHAIN_FILE=/Users/lucmichalski/local/cpp/xbuild/polly/osx-10-13.cmake`
]
[/Users/lucmichalski/local/golang/src/github.com/hellowod/u3d-plugins-development/NativePlugins]> "cmake" "-H." "-B/Users/lucmichalski/local/golang/src/github.com/hellowod/u3d-plugins-development/NativePlugins/_builds/osx-10-13" "-GXcode" "-DCMAKE_TOOLCHAIN_FILE=/Users/lucmichalski/local/cpp/xbuild/polly/osx-10-13.cmake"
-- [polly] Used toolchain: Xcode (OS X 10.13) / clang / LLVM Standard C++ Library (libc++) / c++11 support
-- The C compiler identification is AppleClang 9.0.0.9000031
-- The CXX compiler identification is AppleClang 9.0.0.9000031
-- Check for working C compiler: /Applications/Xcode-beta.app/Contents/Developer/Toolchains/XcodeDefault.xctoolchain/usr/bin/clang
-- Check for working C compiler: /Applications/Xcode-beta.app/Contents/Developer/Toolchains/XcodeDefault.xctoolchain/usr/bin/clang -- works
-- Detecting C compiler ABI info
-- Detecting C compiler ABI info - done
-- Detecting C compile features
-- Detecting C compile features - done
-- Check for working CXX compiler: /Applications/Xcode-beta.app/Contents/Developer/Toolchains/XcodeDefault.xctoolchain/usr/bin/clang++
-- Check for working CXX compiler: /Applications/Xcode-beta.app/Contents/Developer/Toolchains/XcodeDefault.xctoolchain/usr/bin/clang++ -- works
-- Detecting CXX compiler ABI info
-- Detecting CXX compiler ABI info - done
-- Detecting CXX compile features
-- Detecting CXX compile features - done
-- [hunter] Calculating Toolchain-SHA1
-- [hunter] Calculating Config-SHA1
>:>:>:>:>:>:>:>:>:>:>:>:>:>:>:>:>: /Users/lucmichalski/local/golang/src/github.com/hellowod/u3d-plugins-development/NativePlugins/cmake/Modules;/Users/lucmichalski/local/cpp/cmake/hunter/cmake/modules;/Users/lucmichalski/local/cpp/cmake/hunter/cmake/find;/Users/lucmichalski/local/cpp/xbuild/polly/utilities/../find;/Users/lucmichalski/local/cpp/xbuild/polly/utilities <:<:<:<:<:<:<:<:<:<:<:<:<:<:<:<:<:<:<:<:<:<:<:
-- config.cmake --
  MSVC:
  APPLE: 1
  ANDROID:
  IOS:
  is_linux: 0
  XCODE: 1
APPLE ==========================================================================
-- [hunter] HUNTER_ROOT: /Users/lucmichalski/local/cpp/cmake/hunter
-- [hunter] [ Hunter-ID: xxxxxxx | Toolchain-ID: dd1842b | Config-ID: 895f828 ]
-- [hunter] SUGAR_ROOT: /Users/lucmichalski/local/cpp/cmake/hunter/_Base/Cellar/f33ac0045d6ee4582d41f5290010802ad72fe2fa/f33ac00/raw (ver.: 1.2.2)
-- [hunter] Building Sugar
loading initial cache file /Users/lucmichalski/local/cpp/cmake/hunter/_Base/xxxxxxx/dd1842b/895f828/cache.cmake
loading initial cache file /Users/lucmichalski/local/cpp/cmake/hunter/_Base/xxxxxxx/dd1842b/895f828/Build/Sugar/args.cmake
-- [polly] Used toolchain: Xcode (OS X 10.13) / clang / LLVM Standard C++ Library (libc++) / c++11 support
-- The C compiler identification is AppleClang 9.0.0.9000031
-- The CXX compiler identification is AppleClang 9.0.0.9000031
-- Check for working C compiler: /Applications/Xcode-beta.app/Contents/Developer/Toolchains/XcodeDefault.xctoolchain/usr/bin/clang
-- Check for working C compiler: /Applications/Xcode-beta.app/Contents/Developer/Toolchains/XcodeDefault.xctoolchain/usr/bin/clang -- works
-- Detecting C compile features
-- Detecting C compile features - done
-- Check for working CXX compiler: /Applications/Xcode-beta.app/Contents/Developer/Toolchains/XcodeDefault.xctoolchain/usr/bin/clang++
-- Check for working CXX compiler: /Applications/Xcode-beta.app/Contents/Developer/Toolchains/XcodeDefault.xctoolchain/usr/bin/clang++ -- works
-- Detecting CXX compile features
-- Detecting CXX compile features - done
-- Configuring done
-- Generating done
-- Build files have been written to: /Users/lucmichalski/local/cpp/cmake/hunter/_Base/xxxxxxx/dd1842b/895f828/Build/Sugar/Build
=== BUILD AGGREGATE TARGET ZERO_CHECK OF PROJECT Project WITH CONFIGURATION Debug ===

Check dependencies

Write auxiliary files
write-file /Users/lucmichalski/local/cpp/cmake/hunter/_Base/xxxxxxx/dd1842b/895f828/Build/Sugar/Build/Project.build/Debug/ZERO_CHECK.build/Script-8C7C781B3FAB44D1A77CA88D.sh
chmod 0755 /Users/lucmichalski/local/cpp/cmake/hunter/_Base/xxxxxxx/dd1842b/895f828/Build/Sugar/Build/Project.build/Debug/ZERO_CHECK.build/Script-8C7C781B3FAB44D1A77CA88D.sh

PhaseScriptExecution CMake\ Rules Build/Project.build/Debug/ZERO_CHECK.build/Script-8C7C781B3FAB44D1A77CA88D.sh
    cd /Users/lucmichalski/local/cpp/cmake/hunter/_Base/xxxxxxx/dd1842b/895f828/Build/Sugar
    /bin/sh -c /Users/lucmichalski/local/cpp/cmake/hunter/_Base/xxxxxxx/dd1842b/895f828/Build/Sugar/Build/Project.build/Debug/ZERO_CHECK.build/Script-8C7C781B3FAB44D1A77CA88D.sh
echo ""

make -f /Users/lucmichalski/local/cpp/cmake/hunter/_Base/xxxxxxx/dd1842b/895f828/Build/Sugar/Build/CMakeScripts/ReRunCMake.make
make[1]: `/Users/lucmichalski/local/cpp/cmake/hunter/_Base/xxxxxxx/dd1842b/895f828/Build/Sugar/Build/CMakeFiles/cmake.check_cache' is up to date.

=== BUILD AGGREGATE TARGET Sugar OF PROJECT Project WITH CONFIGURATION Debug ===

Check dependencies

Write auxiliary files
write-file /Users/lucmichalski/local/cpp/cmake/hunter/_Base/xxxxxxx/dd1842b/895f828/Build/Sugar/Build/Project.build/Debug/Sugar.build/Script-DA02B32431514E74B0E14C71.sh
chmod 0755 /Users/lucmichalski/local/cpp/cmake/hunter/_Base/xxxxxxx/dd1842b/895f828/Build/Sugar/Build/Project.build/Debug/Sugar.build/Script-DA02B32431514E74B0E14C71.sh

PhaseScriptExecution CMake\ Rules Build/Project.build/Debug/Sugar.build/Script-DA02B32431514E74B0E14C71.sh
    cd /Users/lucmichalski/local/cpp/cmake/hunter/_Base/xxxxxxx/dd1842b/895f828/Build/Sugar
    /bin/sh -c /Users/lucmichalski/local/cpp/cmake/hunter/_Base/xxxxxxx/dd1842b/895f828/Build/Sugar/Build/Project.build/Debug/Sugar.build/Script-DA02B32431514E74B0E14C71.sh
echo "Creating directories for 'Sugar'"
Creating directories for 'Sugar'
/usr/local/Cellar/cmake/3.9.0/bin/cmake -E make_directory /Users/lucmichalski/local/cpp/cmake/hunter/_Base/Cellar/f33ac0045d6ee4582d41f5290010802ad72fe2fa/f33ac00/raw
/usr/local/Cellar/cmake/3.9.0/bin/cmake -E make_directory /Users/lucmichalski/local/cpp/cmake/hunter/_Base/xxxxxxx/dd1842b/895f828/Build/Sugar/Build/Sugar-prefix/src/Sugar-build
/usr/local/Cellar/cmake/3.9.0/bin/cmake -E make_directory /Users/lucmichalski/local/cpp/cmake/hunter/_Base/Cellar/f33ac0045d6ee4582d41f5290010802ad72fe2fa/f33ac00/raw
/usr/local/Cellar/cmake/3.9.0/bin/cmake -E make_directory /Users/lucmichalski/local/cpp/cmake/hunter/_Base/xxxxxxx/dd1842b/895f828/Build/Sugar/Build/Sugar-prefix/tmp
/usr/local/Cellar/cmake/3.9.0/bin/cmake -E make_directory /Users/lucmichalski/local/cpp/cmake/hunter/_Base/xxxxxxx/dd1842b/895f828/Build/Sugar/Build/Sugar-prefix/src/Sugar-stamp/Debug
/usr/local/Cellar/cmake/3.9.0/bin/cmake -E make_directory /Users/lucmichalski/local/cpp/cmake/hunter/_Base/Download/Sugar/1.2.2/f33ac00
/usr/local/Cellar/cmake/3.9.0/bin/cmake -E touch /Users/lucmichalski/local/cpp/cmake/hunter/_Base/xxxxxxx/dd1842b/895f828/Build/Sugar/Build/Sugar-prefix/src/Sugar-stamp/Debug/Sugar-mkdir
echo "Performing download step (download, verify and extract) for 'Sugar'"
Performing download step (download, verify and extract) for 'Sugar'
cd /Users/lucmichalski/local/cpp/cmake/hunter/_Base/Cellar/f33ac0045d6ee4582d41f5290010802ad72fe2fa/f33ac00 && /usr/local/Cellar/cmake/3.9.0/bin/cmake -P /Users/lucmichalski/local/cpp/cmake/hunter/_Base/xxxxxxx/dd1842b/895f828/Build/Sugar/Build/Sugar-prefix/src/Sugar-stamp/download-Sugar.cmake
-- Downloading...
   dst='/Users/lucmichalski/local/cpp/cmake/hunter/_Base/Download/Sugar/1.2.2/f33ac00/v1.2.2.tar.gz'
   timeout='none'
-- Using src='https://github.com/ruslo/sugar/archive/v1.2.2.tar.gz'
-- [download 0% complete]
-- [download 1% complete]
-- [download 2% complete]
-- [download 3% complete]
-- [download 4% complete]
-- [download 5% complete]
-- [download 6% complete]
-- [download 7% complete]
-- [download 8% complete]
-- [download 9% complete]
-- [download 10% complete]
-- [download 11% complete]
-- [download 12% complete]
-- [download 13% complete]
-- [download 14% complete]
-- [download 15% complete]
-- [download 16% complete]
-- [download 17% complete]
-- [download 18% complete]
-- [download 19% complete]
-- [download 20% complete]
-- [download 21% complete]
-- [download 22% complete]
-- [download 23% complete]
-- [download 24% complete]
-- [download 25% complete]
-- [download 26% complete]
-- [download 27% complete]
-- [download 28% complete]
-- [download 29% complete]
-- [download 30% complete]
-- [download 31% complete]
-- [download 32% complete]
-- [download 33% complete]
-- [download 34% complete]
-- [download 35% complete]
-- [download 36% complete]
-- [download 37% complete]
-- [download 38% complete]
-- [download 39% complete]
-- [download 40% complete]
-- [download 41% complete]
-- [download 42% complete]
-- [download 43% complete]
-- [download 44% complete]
-- [download 45% complete]
-- [download 46% complete]
-- [download 47% complete]
-- [download 48% complete]
-- [download 49% complete]
-- [download 50% complete]
-- [download 51% complete]
-- [download 52% complete]
-- [download 53% complete]
-- [download 54% complete]
-- [download 55% complete]
-- [download 56% complete]
-- [download 57% complete]
-- [download 58% complete]
-- [download 59% complete]
-- [download 60% complete]
-- [download 61% complete]
-- [download 62% complete]
-- [download 63% complete]
-- [download 64% complete]
-- [download 65% complete]
-- [download 66% complete]
-- [download 67% complete]
-- [download 68% complete]
-- [download 69% complete]
-- [download 70% complete]
-- [download 71% complete]
-- [download 72% complete]
-- [download 73% complete]
-- [download 74% complete]
-- [download 75% complete]
-- [download 76% complete]
-- [download 77% complete]
-- [download 78% complete]
-- [download 79% complete]
-- [download 80% complete]
-- [download 81% complete]
-- [download 82% complete]
-- [download 83% complete]
-- [download 84% complete]
-- [download 85% complete]
-- [download 86% complete]
-- [download 87% complete]
-- [download 88% complete]
-- [download 89% complete]
-- [download 90% complete]
-- [download 91% complete]
-- [download 92% complete]
-- [download 93% complete]
-- [download 94% complete]
-- [download 95% complete]
-- [download 96% complete]
-- [download 97% complete]
-- [download 98% complete]
-- [download 99% complete]
-- [download 100% complete]
-- verifying file...
       file='/Users/lucmichalski/local/cpp/cmake/hunter/_Base/Download/Sugar/1.2.2/f33ac00/v1.2.2.tar.gz'
-- Downloading... done
cd /Users/lucmichalski/local/cpp/cmake/hunter/_Base/Cellar/f33ac0045d6ee4582d41f5290010802ad72fe2fa/f33ac00 && /usr/local/Cellar/cmake/3.9.0/bin/cmake -P /Users/lucmichalski/local/cpp/cmake/hunter/_Base/xxxxxxx/dd1842b/895f828/Build/Sugar/Build/Sugar-prefix/src/Sugar-stamp/verify-Sugar.cmake
cd /Users/lucmichalski/local/cpp/cmake/hunter/_Base/Cellar/f33ac0045d6ee4582d41f5290010802ad72fe2fa/f33ac00 && /usr/local/Cellar/cmake/3.9.0/bin/cmake -P /Users/lucmichalski/local/cpp/cmake/hunter/_Base/xxxxxxx/dd1842b/895f828/Build/Sugar/Build/Sugar-prefix/src/Sugar-stamp/extract-Sugar.cmake
-- extracting...
     src='/Users/lucmichalski/local/cpp/cmake/hunter/_Base/Download/Sugar/1.2.2/f33ac00/v1.2.2.tar.gz'
     dst='/Users/lucmichalski/local/cpp/cmake/hunter/_Base/Cellar/f33ac0045d6ee4582d41f5290010802ad72fe2fa/f33ac00/raw'
-- extracting... [tar xfz]
-- extracting... [analysis]
-- extracting... [rename]
-- extracting... [clean up]
-- extracting... done
cd /Users/lucmichalski/local/cpp/cmake/hunter/_Base/Cellar/f33ac0045d6ee4582d41f5290010802ad72fe2fa/f33ac00 && /usr/local/Cellar/cmake/3.9.0/bin/cmake -E touch /Users/lucmichalski/local/cpp/cmake/hunter/_Base/xxxxxxx/dd1842b/895f828/Build/Sugar/Build/Sugar-prefix/src/Sugar-stamp/Debug/Sugar-download
echo "No update step for 'Sugar'"
No update step for 'Sugar'
/usr/local/Cellar/cmake/3.9.0/bin/cmake -E echo_append
/usr/local/Cellar/cmake/3.9.0/bin/cmake -E touch /Users/lucmichalski/local/cpp/cmake/hunter/_Base/xxxxxxx/dd1842b/895f828/Build/Sugar/Build/Sugar-prefix/src/Sugar-stamp/Debug/Sugar-update
echo "No patch step for 'Sugar'"
No patch step for 'Sugar'
/usr/local/Cellar/cmake/3.9.0/bin/cmake -E echo_append
/usr/local/Cellar/cmake/3.9.0/bin/cmake -E touch /Users/lucmichalski/local/cpp/cmake/hunter/_Base/xxxxxxx/dd1842b/895f828/Build/Sugar/Build/Sugar-prefix/src/Sugar-stamp/Debug/Sugar-patch
echo "No configure step for 'Sugar'"
No configure step for 'Sugar'
cd /Users/lucmichalski/local/cpp/cmake/hunter/_Base/xxxxxxx/dd1842b/895f828/Build/Sugar/Build/Sugar-prefix/src/Sugar-build && /usr/local/Cellar/cmake/3.9.0/bin/cmake -E echo_append
cd /Users/lucmichalski/local/cpp/cmake/hunter/_Base/xxxxxxx/dd1842b/895f828/Build/Sugar/Build/Sugar-prefix/src/Sugar-build && /usr/local/Cellar/cmake/3.9.0/bin/cmake -E touch /Users/lucmichalski/local/cpp/cmake/hunter/_Base/xxxxxxx/dd1842b/895f828/Build/Sugar/Build/Sugar-prefix/src/Sugar-stamp/Debug/Sugar-configure
echo "No build step for 'Sugar'"
No build step for 'Sugar'
cd /Users/lucmichalski/local/cpp/cmake/hunter/_Base/xxxxxxx/dd1842b/895f828/Build/Sugar/Build/Sugar-prefix/src/Sugar-build && /usr/local/Cellar/cmake/3.9.0/bin/cmake -E echo_append
cd /Users/lucmichalski/local/cpp/cmake/hunter/_Base/xxxxxxx/dd1842b/895f828/Build/Sugar/Build/Sugar-prefix/src/Sugar-build && /usr/local/Cellar/cmake/3.9.0/bin/cmake -E touch /Users/lucmichalski/local/cpp/cmake/hunter/_Base/xxxxxxx/dd1842b/895f828/Build/Sugar/Build/Sugar-prefix/src/Sugar-stamp/Debug/Sugar-build
echo "Performing install step for 'Sugar'"
Performing install step for 'Sugar'
cd /Users/lucmichalski/local/cpp/cmake/hunter/_Base/xxxxxxx/dd1842b/895f828/Build/Sugar/Build/Sugar-prefix/src/Sugar-build && /usr/local/Cellar/cmake/3.9.0/bin/cmake -C/Users/lucmichalski/local/cpp/cmake/hunter/_Base/xxxxxxx/dd1842b/895f828/Build/Sugar/args.cmake -Dsrcdir=/Users/lucmichalski/local/cpp/cmake/hunter/_Base/Cellar/f33ac0045d6ee4582d41f5290010802ad72fe2fa/f33ac00/raw -Ddstdir=/Users/lucmichalski/local/cpp/cmake/hunter/_Base/Cellar/f33ac0045d6ee4582d41f5290010802ad72fe2fa/f33ac00/licenses -P /Users/lucmichalski/local/cpp/cmake/hunter/scripts/try-copy-license.cmake
loading initial cache file /Users/lucmichalski/local/cpp/cmake/hunter/_Base/xxxxxxx/dd1842b/895f828/Build/Sugar/args.cmake
cd /Users/lucmichalski/local/cpp/cmake/hunter/_Base/xxxxxxx/dd1842b/895f828/Build/Sugar/Build/Sugar-prefix/src/Sugar-build && /usr/local/Cellar/cmake/3.9.0/bin/cmake -E touch /Users/lucmichalski/local/cpp/cmake/hunter/_Base/xxxxxxx/dd1842b/895f828/Build/Sugar/Build/Sugar-prefix/src/Sugar-stamp/Debug/Sugar-install
echo "Completed 'Sugar'"
Completed 'Sugar'
/usr/local/Cellar/cmake/3.9.0/bin/cmake -E make_directory /Users/lucmichalski/local/cpp/cmake/hunter/_Base/xxxxxxx/dd1842b/895f828/Build/Sugar/Build/CMakeFiles/Debug
/usr/local/Cellar/cmake/3.9.0/bin/cmake -E touch /Users/lucmichalski/local/cpp/cmake/hunter/_Base/xxxxxxx/dd1842b/895f828/Build/Sugar/Build/CMakeFiles/Debug/Sugar-complete
/usr/local/Cellar/cmake/3.9.0/bin/cmake -E touch /Users/lucmichalski/local/cpp/cmake/hunter/_Base/xxxxxxx/dd1842b/895f828/Build/Sugar/Build/Sugar-prefix/src/Sugar-stamp/Debug/Sugar-done

=== BUILD AGGREGATE TARGET ALL_BUILD OF PROJECT Project WITH CONFIGURATION Debug ===

Check dependencies

Write auxiliary files
write-file /Users/lucmichalski/local/cpp/cmake/hunter/_Base/xxxxxxx/dd1842b/895f828/Build/Sugar/Build/Project.build/Debug/ALL_BUILD.build/Script-070ECB52EAD4409AACB04CC6.sh
chmod 0755 /Users/lucmichalski/local/cpp/cmake/hunter/_Base/xxxxxxx/dd1842b/895f828/Build/Sugar/Build/Project.build/Debug/ALL_BUILD.build/Script-070ECB52EAD4409AACB04CC6.sh

PhaseScriptExecution CMake\ Rules Build/Project.build/Debug/ALL_BUILD.build/Script-070ECB52EAD4409AACB04CC6.sh
    cd /Users/lucmichalski/local/cpp/cmake/hunter/_Base/xxxxxxx/dd1842b/895f828/Build/Sugar
    /bin/sh -c /Users/lucmichalski/local/cpp/cmake/hunter/_Base/xxxxxxx/dd1842b/895f828/Build/Sugar/Build/Project.build/Debug/ALL_BUILD.build/Script-070ECB52EAD4409AACB04CC6.sh
echo ""

echo Build\ all\ projects
Build all projects

** BUILD SUCCEEDED **

-- [hunter] Build step successful (dir: /Users/lucmichalski/local/cpp/cmake/hunter/_Base/xxxxxxx/dd1842b/895f828/Build/Sugar)
-- [sugar] SUGAR_ROOT: /Users/lucmichalski/local/cpp/cmake/hunter/_Base/Cellar/f33ac0045d6ee4582d41f5290010802ad72fe2fa/f33ac00/raw
-- [hunter] PROTOBUF_ROOT: /Users/lucmichalski/local/cpp/cmake/hunter/_Base/xxxxxxx/dd1842b/895f828/Install (ver.: 3.0.0-p1)
-- [hunter] Cache HIT: Protobuf
-- [hunter] Cache info: /Users/lucmichalski/local/cpp/cmake/hunter/_Base/Cache/meta/dd1842b/Protobuf/3.0.0-p1/e3d5ab6/796c6c1/a49b0e5/da39a3e/4b234a1/cache.sha1
-- [hunter] ZLIB_ROOT: /Users/lucmichalski/local/cpp/cmake/hunter/_Base/xxxxxxx/dd1842b/895f828/Install (ver.: 1.2.8-p3)
-- [hunter] Cache HIT: ZLIB
-- [hunter] Cache info: /Users/lucmichalski/local/cpp/cmake/hunter/_Base/Cache/meta/dd1842b/ZLIB/1.2.8-p3/573dc28/da39a3e/a49b0e5/da39a3e/da39a3e/cache.sha1
-- Found ZLIB: ZLIB::zlib
-- [hunter] FLATBUFFERS_ROOT: /Users/lucmichalski/local/cpp/cmake/hunter/_Base/xxxxxxx/dd1842b/895f828/Install (ver.: 1.3.0-p3)
-- [hunter] Cache HIT: flatbuffers
-- [hunter] Cache info: /Users/lucmichalski/local/cpp/cmake/hunter/_Base/Cache/meta/dd1842b/flatbuffers/1.3.0-p3/b031689/88ec39f/a49b0e5/da39a3e/da39a3e/cache.sha1
-- [hunter] GLM_ROOT: /Users/lucmichalski/local/cpp/cmake/hunter/_Base/xxxxxxx/dd1842b/895f828/Install (ver.: 0.9.8.5)
-- [hunter] Cache HIT: glm
-- [hunter] Cache info: /Users/lucmichalski/local/cpp/cmake/hunter/_Base/Cache/meta/dd1842b/glm/0.9.8.5/04ff6d0/da39a3e/a49b0e5/da39a3e/da39a3e/cache.sha1
-- [hunter] SPDLOG_ROOT: /Users/lucmichalski/local/cpp/cmake/hunter/_Base/xxxxxxx/dd1842b/895f828/Install (ver.: 0.13.0-p0)
-- [hunter] Cache HIT: spdlog
-- [hunter] Cache info: /Users/lucmichalski/local/cpp/cmake/hunter/_Base/Cache/meta/dd1842b/spdlog/0.13.0-p0/b34b920/da39a3e/a49b0e5/da39a3e/da39a3e/cache.sha1
-- [hunter] EOS_ROOT: /Users/lucmichalski/local/cpp/cmake/hunter/_Base/xxxxxxx/dd1842b/895f828/Install (ver.: 0.12.1)
-- [hunter] Cache HIT: eos
-- [hunter] Cache info: /Users/lucmichalski/local/cpp/cmake/hunter/_Base/Cache/meta/dd1842b/eos/0.12.1/cbc8143/096767c/a49b0e5/da39a3e/d6d1166/cache.sha1
-- [hunter] BOOST_ROOT: /Users/lucmichalski/local/cpp/cmake/hunter/_Base/xxxxxxx/dd1842b/895f828/Install (ver.: 1.64.0)
-- [hunter] Cache HIT: Boost
-- [hunter] Cache info: /Users/lucmichalski/local/cpp/cmake/hunter/_Base/Cache/meta/dd1842b/Boost/1.64.0/51421ef/da39a3e/a49b0e5/0716d97/da39a3e/cache.sha1
-- [hunter] BOOST_ROOT: /Users/lucmichalski/local/cpp/cmake/hunter/_Base/xxxxxxx/dd1842b/895f828/Install (ver.: 1.64.0)
-- [hunter] BOOST_ROOT: /Users/lucmichalski/local/cpp/cmake/hunter/_Base/xxxxxxx/dd1842b/895f828/Install (ver.: 1.64.0)
-- [hunter] Cache HIT: Boost (comp.: system)
-- [hunter] Cache info: /Users/lucmichalski/local/cpp/cmake/hunter/_Base/Cache/meta/dd1842b/Boost/__system/1.64.0/51421ef/da39a3e/a49b0e5/0716d97/da39a3e/cache.sha1
-- [hunter] EIGEN_ROOT: /Users/lucmichalski/local/cpp/cmake/hunter/_Base/xxxxxxx/dd1842b/895f828/Install (ver.: 3.3.1-p4)
-- [hunter] Cache HIT: Eigen
-- [hunter] Cache info: /Users/lucmichalski/local/cpp/cmake/hunter/_Base/Cache/meta/dd1842b/Eigen/3.3.1-p4/3ea6a95/b654974/a49b0e5/da39a3e/da39a3e/cache.sha1
-- [hunter] OPENCV_ROOT: /Users/lucmichalski/local/cpp/cmake/hunter/_Base/xxxxxxx/dd1842b/895f828/Install (ver.: 3.3.0-p1)
-- [hunter] Cache HIT: OpenCV
-- [hunter] Cache info: /Users/lucmichalski/local/cpp/cmake/hunter/_Base/Cache/meta/dd1842b/OpenCV/3.3.0-p1/4abab7f/08cbb02/a49b0e5/356a192/20d0416/cache.sha1
-- [hunter] JPEG_ROOT: /Users/lucmichalski/local/cpp/cmake/hunter/_Base/xxxxxxx/dd1842b/895f828/Install (ver.: 9b-p1)
-- [hunter] Cache HIT: Jpeg
-- [hunter] Cache info: /Users/lucmichalski/local/cpp/cmake/hunter/_Base/Cache/meta/dd1842b/Jpeg/9b-p1/81f4b7a/da39a3e/a49b0e5/da39a3e/da39a3e/cache.sha1
-- [hunter] OPENCV-EXTRA_ROOT: /Users/lucmichalski/local/cpp/cmake/hunter/_Base/Cellar/d97d80f8887416f4d8353f10fc4812a21909f84a/d97d80f/raw (ver.: 3.3.0)
-- [hunter] PNG_ROOT: /Users/lucmichalski/local/cpp/cmake/hunter/_Base/xxxxxxx/dd1842b/895f828/Install (ver.: 1.6.26-p1)
-- [hunter] Cache HIT: PNG
-- [hunter] Cache info: /Users/lucmichalski/local/cpp/cmake/hunter/_Base/Cache/meta/dd1842b/PNG/1.6.26-p1/10557d6/42bdf80/a49b0e5/da39a3e/4b234a1/cache.sha1
-- [hunter] ZLIB_ROOT: /Users/lucmichalski/local/cpp/cmake/hunter/_Base/xxxxxxx/dd1842b/895f828/Install (ver.: 1.2.8-p3)
-- [hunter] ZLIB_ROOT: /Users/lucmichalski/local/cpp/cmake/hunter/_Base/xxxxxxx/dd1842b/895f828/Install (ver.: 1.2.8-p3)
-- [hunter] CEREAL_ROOT: /Users/lucmichalski/local/cpp/cmake/hunter/_Base/xxxxxxx/dd1842b/895f828/Install (ver.: 1.2.1-p1)
-- [hunter] Cache HIT: cereal
-- [hunter] Cache info: /Users/lucmichalski/local/cpp/cmake/hunter/_Base/Cache/meta/dd1842b/cereal/1.2.1-p1/8d8179d/84beab5/a49b0e5/da39a3e/da39a3e/cache.sha1
-- [hunter] EIGEN3-NNLS_ROOT: /Users/lucmichalski/local/cpp/cmake/hunter/_Base/xxxxxxx/dd1842b/895f828/Install (ver.: 1.0.0)
-- [hunter] Cache HIT: eigen3-nnls
-- [hunter] Cache info: /Users/lucmichalski/local/cpp/cmake/hunter/_Base/Cache/meta/dd1842b/eigen3-nnls/1.0.0/0bc34af/da39a3e/a49b0e5/da39a3e/d1952b5/cache.sha1
-- [hunter] EIGEN_ROOT: /Users/lucmichalski/local/cpp/cmake/hunter/_Base/xxxxxxx/dd1842b/895f828/Install (ver.: 3.3.1-p4)
-- [hunter] GLM_ROOT: /Users/lucmichalski/local/cpp/cmake/hunter/_Base/xxxxxxx/dd1842b/895f828/Install (ver.: 0.9.8.5)
-- [hunter] NANOFLANN_ROOT: /Users/lucmichalski/local/cpp/cmake/hunter/_Base/xxxxxxx/dd1842b/895f828/Install (ver.: 1.2.3-p0)
-- [hunter] Cache HIT: nanoflann
-- [hunter] Cache info: /Users/lucmichalski/local/cpp/cmake/hunter/_Base/Cache/meta/dd1842b/nanoflann/1.2.3-p0/72a42a3/cc9b636/a49b0e5/da39a3e/da39a3e/cache.sha1
-- Found OpenCV: /Users/lucmichalski/local/cpp/cmake/hunter/_Base/xxxxxxx/dd1842b/895f828/Install (found version "3.3.0")
-- Boost version: 1.64.0
-- Found the following Boost libraries:
--   system
-- [hunter] GLM_ROOT: /Users/lucmichalski/local/cpp/cmake/hunter/_Base/xxxxxxx/dd1842b/895f828/Install (ver.: 0.9.8.5)
-- [hunter] EIGEN_ROOT: /Users/lucmichalski/local/cpp/cmake/hunter/_Base/xxxxxxx/dd1842b/895f828/Install (ver.: 3.3.1-p4)
Eigen licenses:
* /Users/lucmichalski/local/cpp/cmake/hunter/_Base/xxxxxxx/dd1842b/895f828/Install/licenses/Eigen/COPYING.MPL2
-- [hunter] CXXOPTS_ROOT: /Users/lucmichalski/local/cpp/cmake/hunter/_Base/xxxxxxx/dd1842b/895f828/Install (ver.: 1.0.0-p0)
-- [hunter] Cache HIT: cxxopts
-- [hunter] Cache info: /Users/lucmichalski/local/cpp/cmake/hunter/_Base/Cache/meta/dd1842b/cxxopts/1.0.0-p0/90040ef/72d3a49/a49b0e5/da39a3e/da39a3e/cache.sha1
-- [hunter] OPENCV_ROOT: /Users/lucmichalski/local/cpp/cmake/hunter/_Base/xxxxxxx/dd1842b/895f828/Install (ver.: 3.3.0-p1)
-- [hunter] DLIB_ROOT: /Users/lucmichalski/local/cpp/cmake/hunter/_Base/xxxxxxx/dd1842b/895f828/Install (ver.: 19.4-p2)
-- [hunter] Building dlib
loading initial cache file /Users/lucmichalski/local/cpp/cmake/hunter/_Base/xxxxxxx/dd1842b/895f828/cache.cmake
loading initial cache file /Users/lucmichalski/local/cpp/cmake/hunter/_Base/xxxxxxx/dd1842b/895f828/Build/dlib/args.cmake
-- [polly] Used toolchain: Xcode (OS X 10.13) / clang / LLVM Standard C++ Library (libc++) / c++11 support
-- The C compiler identification is AppleClang 9.0.0.9000031
-- The CXX compiler identification is AppleClang 9.0.0.9000031
-- Check for working C compiler: /Applications/Xcode-beta.app/Contents/Developer/Toolchains/XcodeDefault.xctoolchain/usr/bin/clang
-- Check for working C compiler: /Applications/Xcode-beta.app/Contents/Developer/Toolchains/XcodeDefault.xctoolchain/usr/bin/clang -- works
-- Detecting C compile features
-- Detecting C compile features - done
-- Check for working CXX compiler: /Applications/Xcode-beta.app/Contents/Developer/Toolchains/XcodeDefault.xctoolchain/usr/bin/clang++
-- Check for working CXX compiler: /Applications/Xcode-beta.app/Contents/Developer/Toolchains/XcodeDefault.xctoolchain/usr/bin/clang++ -- works
-- Detecting CXX compile features
-- Detecting CXX compile features - done
-- Configuring done
-- Generating done
-- Build files have been written to: /Users/lucmichalski/local/cpp/cmake/hunter/_Base/xxxxxxx/dd1842b/895f828/Build/dlib/Build
=== BUILD AGGREGATE TARGET ZERO_CHECK OF PROJECT Hunter WITH CONFIGURATION Debug ===

Check dependencies

Write auxiliary files
write-file /Users/lucmichalski/local/cpp/cmake/hunter/_Base/xxxxxxx/dd1842b/895f828/Build/dlib/Build/Hunter.build/Debug/ZERO_CHECK.build/Script-57D6C12D97E54E0097E96454.sh
chmod 0755 /Users/lucmichalski/local/cpp/cmake/hunter/_Base/xxxxxxx/dd1842b/895f828/Build/dlib/Build/Hunter.build/Debug/ZERO_CHECK.build/Script-57D6C12D97E54E0097E96454.sh

PhaseScriptExecution CMake\ Rules Build/Hunter.build/Debug/ZERO_CHECK.build/Script-57D6C12D97E54E0097E96454.sh
    cd /Users/lucmichalski/local/cpp/cmake/hunter/_Base/xxxxxxx/dd1842b/895f828/Build/dlib
    /bin/sh -c /Users/lucmichalski/local/cpp/cmake/hunter/_Base/xxxxxxx/dd1842b/895f828/Build/dlib/Build/Hunter.build/Debug/ZERO_CHECK.build/Script-57D6C12D97E54E0097E96454.sh
echo ""

make -f /Users/lucmichalski/local/cpp/cmake/hunter/_Base/xxxxxxx/dd1842b/895f828/Build/dlib/Build/CMakeScripts/ReRunCMake.make
make[1]: `/Users/lucmichalski/local/cpp/cmake/hunter/_Base/xxxxxxx/dd1842b/895f828/Build/dlib/Build/CMakeFiles/cmake.check_cache' is up to date.

=== BUILD AGGREGATE TARGET dlib-Release OF PROJECT Hunter WITH CONFIGURATION Debug ===

Check dependencies

Write auxiliary files
write-file /Users/lucmichalski/local/cpp/cmake/hunter/_Base/xxxxxxx/dd1842b/895f828/Build/dlib/Build/Hunter.build/Debug/dlib-Release.build/Script-CCD390F2735A48EFB84BFBBE.sh
chmod 0755 /Users/lucmichalski/local/cpp/cmake/hunter/_Base/xxxxxxx/dd1842b/895f828/Build/dlib/Build/Hunter.build/Debug/dlib-Release.build/Script-CCD390F2735A48EFB84BFBBE.sh

PhaseScriptExecution CMake\ Rules Build/Hunter.build/Debug/dlib-Release.build/Script-CCD390F2735A48EFB84BFBBE.sh
    cd /Users/lucmichalski/local/cpp/cmake/hunter/_Base/xxxxxxx/dd1842b/895f828/Build/dlib
    /bin/sh -c /Users/lucmichalski/local/cpp/cmake/hunter/_Base/xxxxxxx/dd1842b/895f828/Build/dlib/Build/Hunter.build/Debug/dlib-Release.build/Script-CCD390F2735A48EFB84BFBBE.sh
echo "Creating directories for 'dlib-Release'"
Creating directories for 'dlib-Release'
/usr/local/Cellar/cmake/3.9.0/bin/cmake -E make_directory /Users/lucmichalski/local/cpp/cmake/hunter/_Base/xxxxxxx/dd1842b/895f828/Build/dlib/Source
/usr/local/Cellar/cmake/3.9.0/bin/cmake -E make_directory /Users/lucmichalski/local/cpp/cmake/hunter/_Base/xxxxxxx/dd1842b/895f828/Build/dlib/Build/dlib-Release-prefix/src/dlib-Release-build
/usr/local/Cellar/cmake/3.9.0/bin/cmake -E make_directory /Users/lucmichalski/local/cpp/cmake/hunter/_Base/xxxxxxx/dd1842b/895f828/Build/dlib/Install
/usr/local/Cellar/cmake/3.9.0/bin/cmake -E make_directory /Users/lucmichalski/local/cpp/cmake/hunter/_Base/xxxxxxx/dd1842b/895f828/Build/dlib/Build/dlib-Release-prefix/tmp
/usr/local/Cellar/cmake/3.9.0/bin/cmake -E make_directory /Users/lucmichalski/local/cpp/cmake/hunter/_Base/xxxxxxx/dd1842b/895f828/Build/dlib/Build/dlib-Release-prefix/src/dlib-Release-stamp/Debug
/usr/local/Cellar/cmake/3.9.0/bin/cmake -E make_directory /Users/lucmichalski/local/cpp/cmake/hunter/_Base/Download/dlib/19.4-p2/119231f
/usr/local/Cellar/cmake/3.9.0/bin/cmake -E touch /Users/lucmichalski/local/cpp/cmake/hunter/_Base/xxxxxxx/dd1842b/895f828/Build/dlib/Build/dlib-Release-prefix/src/dlib-Release-stamp/Debug/dlib-Release-mkdir
echo "Performing download step (download, verify and extract) for 'dlib-Release'"
Performing download step (download, verify and extract) for 'dlib-Release'
cd /Users/lucmichalski/local/cpp/cmake/hunter/_Base/xxxxxxx/dd1842b/895f828/Build/dlib && /usr/local/Cellar/cmake/3.9.0/bin/cmake -P /Users/lucmichalski/local/cpp/cmake/hunter/_Base/xxxxxxx/dd1842b/895f828/Build/dlib/Build/dlib-Release-prefix/src/dlib-Release-stamp/download-dlib-Release.cmake
-- verifying file...
       file='/Users/lucmichalski/local/cpp/cmake/hunter/_Base/Download/dlib/19.4-p2/119231f/v19.4-p2.tar.gz'
-- File already exists and hash match (skip download):
  file='/Users/lucmichalski/local/cpp/cmake/hunter/_Base/Download/dlib/19.4-p2/119231f/v19.4-p2.tar.gz'
  SHA1='119231fe068799efd0922594dc580a18ebdb3a15'
cd /Users/lucmichalski/local/cpp/cmake/hunter/_Base/xxxxxxx/dd1842b/895f828/Build/dlib && /usr/local/Cellar/cmake/3.9.0/bin/cmake -P /Users/lucmichalski/local/cpp/cmake/hunter/_Base/xxxxxxx/dd1842b/895f828/Build/dlib/Build/dlib-Release-prefix/src/dlib-Release-stamp/verify-dlib-Release.cmake
cd /Users/lucmichalski/local/cpp/cmake/hunter/_Base/xxxxxxx/dd1842b/895f828/Build/dlib && /usr/local/Cellar/cmake/3.9.0/bin/cmake -P /Users/lucmichalski/local/cpp/cmake/hunter/_Base/xxxxxxx/dd1842b/895f828/Build/dlib/Build/dlib-Release-prefix/src/dlib-Release-stamp/extract-dlib-Release.cmake
-- extracting...
     src='/Users/lucmichalski/local/cpp/cmake/hunter/_Base/Download/dlib/19.4-p2/119231f/v19.4-p2.tar.gz'
     dst='/Users/lucmichalski/local/cpp/cmake/hunter/_Base/xxxxxxx/dd1842b/895f828/Build/dlib/Source'
-- extracting... [tar xfz]
archive_write_data_block()
CMake Error: Problem with archive_write_finish_entry(): Write to restore size failed
CMake Error: Problem extracting tar: /Users/lucmichalski/local/cpp/cmake/hunter/_Base/Download/dlib/19.4-p2/119231f/v19.4-p2.tar.gz
-- extracting... [error clean up]
CMake Error at Build/dlib-Release-prefix/src/dlib-Release-stamp/extract-dlib-Release.cmake:33 (message):
  error: extract of
  '/Users/lucmichalski/local/cpp/cmake/hunter/_Base/Download/dlib/19.4-p2/119231f/v19.4-p2.tar.gz'
  failed


make: *** [/Users/lucmichalski/local/cpp/cmake/hunter/_Base/xxxxxxx/dd1842b/895f828/Build/dlib/Build/dlib-Release-prefix/src/dlib-Release-stamp/Debug/dlib-Release-download] Error 1

** BUILD FAILED **


The following build commands failed:
  PhaseScriptExecution CMake\ Rules Build/Hunter.build/Debug/dlib-Release.build/Script-CCD390F2735A48EFB84BFBBE.sh
(1 failure)

[hunter ** FATAL ERROR **] Build step failed (dir: /Users/lucmichalski/local/cpp/cmake/hunter/_Base/xxxxxxx/dd1842b/895f828/Build/dlib
[hunter ** FATAL ERROR **] [Directory:/Users/lucmichalski/local/cpp/cmake/hunter/cmake/projects/dlib]

------------------------------ WIKI -------------------------------
    https://github.com/ruslo/hunter/wiki/error.external.build.failed
-------------------------------------------------------------------

CMake Error at /Users/lucmichalski/local/cpp/cmake/hunter/cmake/modules/hunter_wiki.cmake:12 (message):
Call Stack (most recent call first):
  /Users/lucmichalski/local/cpp/cmake/hunter/cmake/modules/hunter_fatal_error.cmake:20 (hunter_wiki)
  /Users/lucmichalski/local/cpp/cmake/hunter/cmake/modules/hunter_download.cmake:596 (hunter_fatal_error)
  /Users/lucmichalski/local/cpp/cmake/hunter/cmake/projects/dlib/hunter.cmake:111 (hunter_download)
  /Users/lucmichalski/local/cpp/cmake/hunter/cmake/modules/hunter_add_package.cmake:53 (include)
  CMakeLists.txt:210 (hunter_add_package)


-- Configuring incomplete, errors occurred!
See also "/Users/lucmichalski/local/golang/src/github.com/hellowod/u3d-plugins-development/NativePlugins/_builds/osx-10-13/CMakeFiles/CMakeOutput.log".
